<?xml version="1.0" encoding="UTF-8"?>
<testng-results ignored="0" total="1" passed="1" failed="0" skipped="0">
  <reporter-output>
  </reporter-output>
  <suite started-at="2022-07-25T17:42:43 IST" name="Default suite" finished-at="2022-07-25T17:42:50 IST" duration-ms="6475">
    <groups>
    </groups>
    <test started-at="2022-07-25T17:42:43 IST" name="Default test" finished-at="2022-07-25T17:42:50 IST" duration-ms="6475">
      <class name="testCases.Booking">
        <test-method is-config="true" signature="intialize()[pri:0, instance:testCases.Booking@20d28811]" started-at="2022-07-25T17:42:39 IST" name="intialize" finished-at="2022-07-25T17:42:43 IST" duration-ms="4352" status="PASS">
          <reporter-output>
          </reporter-output>
        </test-method> <!-- intialize -->
        <test-method is-config="true" signature="removepopup()[pri:0, instance:testCases.Booking@20d28811]" started-at="2022-07-25T17:42:43 IST" name="removepopup" finished-at="2022-07-25T17:42:43 IST" duration-ms="110" status="PASS">
          <reporter-output>
          </reporter-output>
        </test-method> <!-- removepopup -->
        <test-method signature="BangloreToDelhi()[pri:0, instance:testCases.Booking@20d28811]" started-at="2022-07-25T17:42:44 IST" name="BangloreToDelhi" finished-at="2022-07-25T17:42:50 IST" duration-ms="6327" status="PASS">
          <reporter-output>
          </reporter-output>
        </test-method> <!-- BangloreToDelhi -->
      </class> <!-- testCases.Booking -->
    </test> <!-- Default test -->
  </suite> <!-- Default suite -->
</testng-results>
